<?xml version="1.0" encoding="UTF-8"?>
<!-- Generated by org.testng.reporters.JUnitReportReporter -->
<testsuite hostname="DESKTOP-5EVK54D" failures="0" tests="1" name="testclasses.RegisterTest" time="16.766" errors="0" timestamp="2024-03-24T00:53:29 IST" skipped="0">
  <testcase classname="testclasses.RegisterTest" name="selectOperator" time="16.766"/>
  <system-out/>
</testsuite> <!-- testclasses.RegisterTest -->
