<?xml version="1.0" encoding="UTF-8"?>
<!-- Generated by org.testng.reporters.JUnitReportReporter -->
<testsuite hostname="DESKTOP-5EVK54D" failures="0" tests="1" name="testclasses.CheckOutTest" time="2.435" errors="0" timestamp="2024-03-24T08:04:09 IST" skipped="0">
  <testcase classname="testclasses.CheckOutTest" name="checkoutOrder" time="2.435"/>
  <system-out/>
</testsuite> <!-- testclasses.CheckOutTest -->
